<?xml version="1.0" encoding="utf-8"?><testsuites name="pytest tests"><testsuite name="pytest" errors="0" failures="0" skipped="0" tests="10" time="13.313" timestamp="2026-05-06T22:59:47.114762-04:00" hostname="Sanes-MacBook-Air.local"><testcase classname="tests.test_data_handler" name="test_load_data_returns_dataframe" time="0.003" /><testcase classname="tests.test_data_handler" name="test_load_data_not_empty" time="0.001" /><testcase classname="tests.test_data_handler" name="test_filter_price_valid" time="0.007" /><testcase classname="tests.test_data_handler" name="test_filter_price_empty" time="0.002" /><testcase classname="tests.test_data_handler" name="test_filter_price_all" time="0.001" /><testcase classname="tests.test_data_handler" name="test_export_json" time="0.006" /><testcase classname="tests.test_data_handler" name="test_export_json_content" time="0.003" /><testcase classname="tests.test_data_handler" name="test_summarize_data" time="0.008" /><testcase classname="tests.test_data_handler" name="test_summarize_data_returns_dict" time="0.003" /><testcase classname="tests.test_data_handler" name="test_load_data_has_price_column" time="0.001" /></testsuite></testsuites>